#
# There is insufficient memory for the Java Runtime Environment to continue.
# Native memory allocation (malloc) failed to allocate 1048576 bytes. Error detail: AllocateHeap
# Possible reasons:
#   The system is out of physical RAM or swap space
#   This process is running with CompressedOops enabled, and the Java Heap may be blocking the growth of the native heap
# Possible solutions:
#   Reduce memory load on the system
#   Increase physical memory or swap space
#   Check if swap backing store is full
#   Decrease Java heap size (-Xmx/-Xms)
#   Decrease number of Java threads
#   Decrease Java thread stack sizes (-Xss)
#   Set larger code cache with -XX:ReservedCodeCacheSize=
#   JVM is running with Unscaled Compressed Oops mode in which the Java heap is
#     placed in the first 4GB address space. The Java Heap base address is the
#     maximum limit for the native heap growth. Please use -XX:HeapBaseMinAddress
#     to set the Java Heap base and to place the Java Heap above 4GB virtual address.
# This output file may be truncated or incomplete.
#
#  Out of Memory Error (allocation.cpp:44), pid=17416, tid=17172
#
# JRE version:  (21.0.8+9) (build )
# Java VM: OpenJDK 64-Bit Server VM (21.0.8+9-LTS, mixed mode, tiered, compressed oops, compressed class ptrs, parallel gc, windows-amd64)
# No core dump will be written. Minidumps are not enabled by default on client versions of Windows
#

---------------  S U M M A R Y ------------

Command Line: --add-modules=ALL-SYSTEM --add-opens=java.base/java.util=ALL-UNNAMED --add-opens=java.base/java.lang=ALL-UNNAMED --add-opens=java.base/sun.nio.fs=ALL-UNNAMED -Declipse.application=org.eclipse.jdt.ls.core.id1 -Dosgi.bundles.defaultStartLevel=4 -Declipse.product=org.eclipse.jdt.ls.core.product -Djava.import.generatesMetadataFilesAtProjectRoot=false -DDetectVMInstallationsJob.disabled=true -Dfile.encoding=utf8 -XX:+UseParallelGC -XX:GCTimeRatio=4 -XX:AdaptiveSizePolicyWeight=90 -Dsun.zip.disableMemoryMapping=true -Xmx2G -Xms100m -Xlog:disable -javaagent:c:\Users\HP\.cursor\extensions\redhat.java-1.45.0-win32-x64\lombok\lombok-1.18.39-4050.jar -XX:+HeapDumpOnOutOfMemoryError -XX:HeapDumpPath=c:\Users\HP\AppData\Roaming\Cursor\User\workspaceStorage\ec8ff4729a1caba7f79081c09d672bc9\redhat.java -Daether.dependencyCollector.impl=bf c:\Users\HP\.cursor\extensions\redhat.java-1.45.0-win32-x64\server\plugins\org.eclipse.equinox.launcher_1.7.0.v20250519-0528.jar -configuration c:\Users\HP\AppData\Roaming\Cursor\User\globalStorage\redhat.java\1.45.0\config_win -data c:\Users\HP\AppData\Roaming\Cursor\User\workspaceStorage\ec8ff4729a1caba7f79081c09d672bc9\redhat.java\jdt_ws --pipe=\\.\pipe\lsp-dbd4dd3114479ebf119b84fbf2304425-sock

Host: 11th Gen Intel(R) Core(TM) i7-1165G7 @ 2.80GHz, 8 cores, 15G,  Windows 11 , 64 bit Build 22621 (10.0.22621.5415)
Time: Wed Sep 24 22:14:19 2025 Greenwich elapsed time: 0.138467 seconds (0d 0h 0m 0s)

---------------  T H R E A D  ---------------

Current thread (0x00000220ee2626b0):  JavaThread "Unknown thread" [_thread_in_vm, id=17172, stack(0x000000de6bf00000,0x000000de6c000000) (1024K)]

Stack: [0x000000de6bf00000,0x000000de6c000000]
Native frames: (J=compiled Java code, j=interpreted, Vv=VM code, C=native code)
V  [jvm.dll+0x6d2449]
V  [jvm.dll+0x8ae341]
V  [jvm.dll+0x8b08be]
V  [jvm.dll+0x8b0fa3]
V  [jvm.dll+0x280c96]
V  [jvm.dll+0xc0347]
V  [jvm.dll+0x706372]
V  [jvm.dll+0x7070ac]
V  [jvm.dll+0x6e0f43]
V  [jvm.dll+0x877c7c]
V  [jvm.dll+0x3becec]
V  [jvm.dll+0x8606d8]
V  [jvm.dll+0x4530ee]
V  [jvm.dll+0x454d31]
C  [jli.dll+0x5278]
C  [ucrtbase.dll+0x29333]
C  [KERNEL32.DLL+0x1259d]
C  [ntdll.dll+0x5af78]


---------------  P R O C E S S  ---------------

Threads class SMR info:
_java_thread_list=0x00000220ee2cd920, length=1, elements={
0x00000220ee2626b0
}

Java Threads: ( => current thread )
=>0x00000220ee2626b0 JavaThread "Unknown thread"             [_thread_in_vm, id=17172, stack(0x000000de6bf00000,0x000000de6c000000) (1024K)]
Total: 1

Other Threads:
  0x000002208f0dc950 WatcherThread "VM Periodic Task Thread"        [id=15920, stack(0x000000de6c100000,0x000000de6c200000) (1024K)]
  0x00000220ee27f820 WorkerThread "GC Thread#0"                     [id=26604, stack(0x000000de6c000000,0x000000de6c100000) (1024K)]
Total: 2

Threads with active compile tasks:
Total: 0

VM state: not at safepoint (normal execution)

VM Mutex/Monitor currently owned by a thread: None

Heap address: 0x0000000080000000, size: 2048 MB, Compressed Oops mode: 32-bit

CDS archive(s) not mapped
Compressed class space mapped at: 0x0000000100000000-0x0000000140000000, reserved size: 1073741824
Narrow klass base: 0x0000000000000000, Narrow klass shift: 3, Narrow klass range: 0x140000000

GC Precious Log:
 CardTable entry size: 512
 CPUs: 8 total, 8 available
 Memory: 16064M
 Large Page Support: Disabled
 NUMA Support: Disabled
 Compressed Oops: Enabled (32-bit)
 Alignments: Space 512K, Generation 512K, Heap 2M
 Heap Min Capacity: 100M
 Heap Initial Capacity: 100M
 Heap Max Capacity: 2G
 Pre-touch: Disabled
 Parallel Workers: 8

Heap:
 PSYoungGen      total 29696K, used 512K [0x00000000d5580000, 0x00000000d7680000, 0x0000000100000000)
  eden space 25600K, 2% used [0x00000000d5580000,0x00000000d5600070,0x00000000d6e80000)
  from space 4096K, 0% used [0x00000000d7280000,0x00000000d7280000,0x00000000d7680000)
  to   space 4096K, 0% used [0x00000000d6e80000,0x00000000d6e80000,0x00000000d7280000)
 ParOldGen       total 68608K, used 0K [0x0000000080000000, 0x0000000084300000, 0x00000000d5580000)
  object space 68608K, 0% used [0x0000000080000000,0x0000000080000000,0x0000000084300000)
 Metaspace       used 1396K, committed 1472K, reserved 1114112K
  class space    used 112K, committed 128K, reserved 1048576K

Card table byte_map: [0x00000220edc30000,0x00000220ee040000] _byte_map_base: 0x00000220ed830000

Marking Bits: (ParMarkBitMap*) 0x00007ffbcfa1a340
 Begin Bits: [0x00000220f1700000, 0x00000220f3700000)
 End Bits:   [0x00000220f3700000, 0x00000220f5700000)

Polling page: 0x00000220eda20000

Metaspace:

Usage:
  Non-class:      1.25 MB used.
      Class:    112.47 KB used.
       Both:      1.36 MB used.

Virtual space:
  Non-class space:       64.00 MB reserved,       1.31 MB (  2%) committed,  1 nodes.
      Class space:        1.00 GB reserved,     128.00 KB ( <1%) committed,  1 nodes.
             Both:        1.06 GB reserved,       1.44 MB ( <1%) committed. 

Chunk freelists:
   Non-Class:  12.00 MB
       Class:  15.75 MB
        Both:  27.75 MB

MaxMetaspaceSize: unlimited
CompressedClassSpaceSize: 1.00 GB
Initial GC threshold: 21.00 MB
Current GC threshold: 17179869184.00 GB
CDS: off
 - commit_granule_bytes: 65536.
 - commit_granule_words: 8192.
 - virtual_space_node_default_size: 8388608.
 - enlarge_chunks_in_place: 1.
 - use_allocation_guard: 0.


Internal statistics:

num_allocs_failed_limit: 0.
num_arena_births: 2.
num_arena_deaths: 0.
num_vsnodes_births: 2.
num_vsnodes_deaths: 0.
num_space_committed: 23.
num_space_uncommitted: 0.
num_chunks_returned_to_freelist: 0.
num_chunks_taken_from_freelist: 3.
num_chunk_merges: 0.
num_chunk_splits: 2.
num_chunks_enlarged: 0.
num_inconsistent_stats: 0.

CodeHeap 'non-profiled nmethods': size=120000Kb used=0Kb max_used=0Kb free=120000Kb
 bounds [0x0000022087ad0000, 0x0000022087d40000, 0x000002208f000000]
CodeHeap 'profiled nmethods': size=120000Kb used=0Kb max_used=0Kb free=120000Kb
 bounds [0x0000022080000000, 0x0000022080270000, 0x0000022087530000]
CodeHeap 'non-nmethods': size=5760Kb used=199Kb max_used=348Kb free=5560Kb
 bounds [0x0000022087530000, 0x00000220877a0000, 0x0000022087ad0000]
CodeCache: size=245760Kb, used=199Kb, max_used=348Kb, free=245560Kb
 total_blobs=70, nmethods=0, adapters=48, full_count=0
Compilation: enabled, stopped_count=0, restarted_count=0

Compilation events (0 events):
No events

GC Heap History (0 events):
No events

Dll operation events (2 events):
Event: 0.017 Loaded shared library c:\Users\HP\.cursor\extensions\redhat.java-1.45.0-win32-x64\jre\21.0.8-win32-x86_64\bin\java.dll
Event: 0.036 Loaded shared library c:\Users\HP\.cursor\extensions\redhat.java-1.45.0-win32-x64\jre\21.0.8-win32-x86_64\bin\zip.dll

Deoptimization events (0 events):
No events

Classes loaded (20 events):
Event: 0.123 Loading class java/util/Iterator
Event: 0.123 Loading class java/util/Iterator done
Event: 0.123 Loading class java/lang/reflect/RecordComponent
Event: 0.124 Loading class java/lang/reflect/RecordComponent done
Event: 0.124 Loading class jdk/internal/vm/vector/VectorSupport
Event: 0.125 Loading class jdk/internal/vm/vector/VectorSupport done
Event: 0.125 Loading class jdk/internal/vm/vector/VectorSupport$VectorPayload
Event: 0.126 Loading class jdk/internal/vm/vector/VectorSupport$VectorPayload done
Event: 0.126 Loading class jdk/internal/vm/vector/VectorSupport$Vector
Event: 0.126 Loading class jdk/internal/vm/vector/VectorSupport$Vector done
Event: 0.126 Loading class jdk/internal/vm/vector/VectorSupport$VectorMask
Event: 0.126 Loading class jdk/internal/vm/vector/VectorSupport$VectorMask done
Event: 0.126 Loading class jdk/internal/vm/vector/VectorSupport$VectorShuffle
Event: 0.126 Loading class jdk/internal/vm/vector/VectorSupport$VectorShuffle done
Event: 0.126 Loading class jdk/internal/vm/FillerObject
Event: 0.126 Loading class jdk/internal/vm/FillerObject done
Event: 0.134 Loading class java/lang/NullPointerException
Event: 0.134 Loading class java/lang/NullPointerException done
Event: 0.134 Loading class java/lang/ArithmeticException
Event: 0.134 Loading class java/lang/ArithmeticException done

Classes unloaded (0 events):
No events

Classes redefined (0 events):
No events

Internal exceptions (0 events):
No events

ZGC Phase Switch (0 events):
No events

VM Operations (0 events):
No events

Memory protections (0 events):
No events

Nmethod flushes (0 events):
No events

Events (1 events):
Event: 0.033 Thread 0x00000220ee2626b0 Thread added: 0x00000220ee2626b0


Dynamic libraries:
0x00007ff6e9fd0000 - 0x00007ff6e9fde000 	c:\Users\HP\.cursor\extensions\redhat.java-1.45.0-win32-x64\jre\21.0.8-win32-x86_64\bin\java.exe
0x00007ffc9a650000 - 0x00007ffc9a867000 	C:\WINDOWS\SYSTEM32\ntdll.dll
0x00007ffc99b50000 - 0x00007ffc99c14000 	C:\WINDOWS\System32\KERNEL32.DLL
0x00007ffc97c40000 - 0x00007ffc98010000 	C:\WINDOWS\System32\KERNELBASE.dll
0x00007ffc978a0000 - 0x00007ffc979b1000 	C:\WINDOWS\System32\ucrtbase.dll
0x00007ffc730d0000 - 0x00007ffc730e8000 	c:\Users\HP\.cursor\extensions\redhat.java-1.45.0-win32-x64\jre\21.0.8-win32-x86_64\bin\jli.dll
0x00007ffc996c0000 - 0x00007ffc99871000 	C:\WINDOWS\System32\USER32.dll
0x00007ffc74480000 - 0x00007ffc7449e000 	c:\Users\HP\.cursor\extensions\redhat.java-1.45.0-win32-x64\jre\21.0.8-win32-x86_64\bin\VCRUNTIME140.dll
0x00007ffc97720000 - 0x00007ffc97746000 	C:\WINDOWS\System32\win32u.dll
0x00007ffc9a290000 - 0x00007ffc9a2b9000 	C:\WINDOWS\System32\GDI32.dll
0x00007ffc98010000 - 0x00007ffc98133000 	C:\WINDOWS\System32\gdi32full.dll
0x00007ffc977d0000 - 0x00007ffc9786a000 	C:\WINDOWS\System32\msvcp_win.dll
0x00007ffc766e0000 - 0x00007ffc7697c000 	C:\WINDOWS\WinSxS\amd64_microsoft.windows.common-controls_6595b64144ccf1df_6.0.22621.5840_none_2710ea077384a4fe\COMCTL32.dll
0x00007ffc9a100000 - 0x00007ffc9a1a7000 	C:\WINDOWS\System32\msvcrt.dll
0x00007ffc98440000 - 0x00007ffc98471000 	C:\WINDOWS\System32\IMM32.DLL
0x00007ffc784c0000 - 0x00007ffc784cc000 	c:\Users\HP\.cursor\extensions\redhat.java-1.45.0-win32-x64\jre\21.0.8-win32-x86_64\bin\vcruntime140_1.dll
0x00007ffc6cd30000 - 0x00007ffc6cdbd000 	c:\Users\HP\.cursor\extensions\redhat.java-1.45.0-win32-x64\jre\21.0.8-win32-x86_64\bin\msvcp140.dll
0x00007ffbced60000 - 0x00007ffbcfaf7000 	c:\Users\HP\.cursor\extensions\redhat.java-1.45.0-win32-x64\jre\21.0.8-win32-x86_64\bin\server\jvm.dll
0x00007ffc98480000 - 0x00007ffc98531000 	C:\WINDOWS\System32\ADVAPI32.dll
0x00007ffc9a350000 - 0x00007ffc9a3f8000 	C:\WINDOWS\System32\sechost.dll
0x00007ffc97870000 - 0x00007ffc97898000 	C:\WINDOWS\System32\bcrypt.dll
0x00007ffc98320000 - 0x00007ffc98438000 	C:\WINDOWS\System32\RPCRT4.dll
0x00007ffc98670000 - 0x00007ffc986e1000 	C:\WINDOWS\System32\WS2_32.dll
0x00007ffc96500000 - 0x00007ffc9654d000 	C:\WINDOWS\SYSTEM32\POWRPROF.dll
0x00007ffc905b0000 - 0x00007ffc905ba000 	C:\WINDOWS\SYSTEM32\VERSION.dll
0x00007ffc8f4d0000 - 0x00007ffc8f504000 	C:\WINDOWS\SYSTEM32\WINMM.dll
0x00007ffc964e0000 - 0x00007ffc964f3000 	C:\WINDOWS\SYSTEM32\UMPDC.dll
0x00007ffc96740000 - 0x00007ffc96758000 	C:\WINDOWS\SYSTEM32\kernel.appcore.dll
0x00007ffc78470000 - 0x00007ffc7847a000 	c:\Users\HP\.cursor\extensions\redhat.java-1.45.0-win32-x64\jre\21.0.8-win32-x86_64\bin\jimage.dll
0x00007ffc950d0000 - 0x00007ffc95303000 	C:\WINDOWS\SYSTEM32\DBGHELP.DLL
0x00007ffc98870000 - 0x00007ffc98c01000 	C:\WINDOWS\System32\combase.dll
0x00007ffc9a1b0000 - 0x00007ffc9a288000 	C:\WINDOWS\System32\OLEAUT32.dll
0x00007ffc81050000 - 0x00007ffc81082000 	C:\WINDOWS\SYSTEM32\dbgcore.DLL
0x00007ffc97750000 - 0x00007ffc977cb000 	C:\WINDOWS\System32\bcryptPrimitives.dll
0x00007ffc77180000 - 0x00007ffc7718f000 	c:\Users\HP\.cursor\extensions\redhat.java-1.45.0-win32-x64\jre\21.0.8-win32-x86_64\bin\instrument.dll
0x00007ffc6fc90000 - 0x00007ffc6fcaf000 	c:\Users\HP\.cursor\extensions\redhat.java-1.45.0-win32-x64\jre\21.0.8-win32-x86_64\bin\java.dll
0x00007ffc6f060000 - 0x00007ffc6f078000 	c:\Users\HP\.cursor\extensions\redhat.java-1.45.0-win32-x64\jre\21.0.8-win32-x86_64\bin\zip.dll

JVMTI agents:
c:\Users\HP\.cursor\extensions\redhat.java-1.45.0-win32-x64\lombok\lombok-1.18.39-4050.jar path:none, loaded, not initialized, instrumentlib options:none

dbghelp: loaded successfully - version: 4.0.5 - missing functions: none
symbol engine: initialized successfully - sym options: 0x614 - pdb path: .;c:\Users\HP\.cursor\extensions\redhat.java-1.45.0-win32-x64\jre\21.0.8-win32-x86_64\bin;C:\WINDOWS\SYSTEM32;C:\WINDOWS\WinSxS\amd64_microsoft.windows.common-controls_6595b64144ccf1df_6.0.22621.5840_none_2710ea077384a4fe;c:\Users\HP\.cursor\extensions\redhat.java-1.45.0-win32-x64\jre\21.0.8-win32-x86_64\bin\server

VM Arguments:
jvm_args: --add-modules=ALL-SYSTEM --add-opens=java.base/java.util=ALL-UNNAMED --add-opens=java.base/java.lang=ALL-UNNAMED --add-opens=java.base/sun.nio.fs=ALL-UNNAMED -Declipse.application=org.eclipse.jdt.ls.core.id1 -Dosgi.bundles.defaultStartLevel=4 -Declipse.product=org.eclipse.jdt.ls.core.product -Djava.import.generatesMetadataFilesAtProjectRoot=false -DDetectVMInstallationsJob.disabled=true -Dfile.encoding=utf8 -XX:+UseParallelGC -XX:GCTimeRatio=4 -XX:AdaptiveSizePolicyWeight=90 -Dsun.zip.disableMemoryMapping=true -Xmx2G -Xms100m -Xlog:disable -javaagent:c:\Users\HP\.cursor\extensions\redhat.java-1.45.0-win32-x64\lombok\lombok-1.18.39-4050.jar -XX:+HeapDumpOnOutOfMemoryError -XX:HeapDumpPath=c:\Users\HP\AppData\Roaming\Cursor\User\workspaceStorage\ec8ff4729a1caba7f79081c09d672bc9\redhat.java -Daether.dependencyCollector.impl=bf 
java_command: c:\Users\HP\.cursor\extensions\redhat.java-1.45.0-win32-x64\server\plugins\org.eclipse.equinox.launcher_1.7.0.v20250519-0528.jar -configuration c:\Users\HP\AppData\Roaming\Cursor\User\globalStorage\redhat.java\1.45.0\config_win -data c:\Users\HP\AppData\Roaming\Cursor\User\workspaceStorage\ec8ff4729a1caba7f79081c09d672bc9\redhat.java\jdt_ws --pipe=\\.\pipe\lsp-dbd4dd3114479ebf119b84fbf2304425-sock
java_class_path (initial): c:\Users\HP\.cursor\extensions\redhat.java-1.45.0-win32-x64\server\plugins\org.eclipse.equinox.launcher_1.7.0.v20250519-0528.jar
Launcher Type: SUN_STANDARD

[Global flags]
    uintx AdaptiveSizePolicyWeight                 = 90                                        {product} {command line}
     intx CICompilerCount                          = 4                                         {product} {ergonomic}
    uintx GCTimeRatio                              = 4                                         {product} {command line}
     bool HeapDumpOnOutOfMemoryError               = true                                   {manageable} {command line}
    ccstr HeapDumpPath                             = c:\Users\HP\AppData\Roaming\Cursor\User\workspaceStorage\ec8ff4729a1caba7f79081c09d672bc9\redhat.java         {manageable} {command line}
   size_t InitialHeapSize                          = 104857600                                 {product} {command line}
   size_t MaxHeapSize                              = 2147483648                                {product} {command line}
   size_t MaxNewSize                               = 715653120                                 {product} {ergonomic}
   size_t MinHeapDeltaBytes                        = 524288                                    {product} {ergonomic}
   size_t MinHeapSize                              = 104857600                                 {product} {command line}
   size_t NewSize                                  = 34603008                                  {product} {ergonomic}
    uintx NonNMethodCodeHeapSize                   = 5839372                                {pd product} {ergonomic}
    uintx NonProfiledCodeHeapSize                  = 122909434                              {pd product} {ergonomic}
   size_t OldSize                                  = 70254592                                  {product} {ergonomic}
    uintx ProfiledCodeHeapSize                     = 122909434                              {pd product} {ergonomic}
    uintx ReservedCodeCacheSize                    = 251658240                              {pd product} {ergonomic}
     bool SegmentedCodeCache                       = true                                      {product} {ergonomic}
   size_t SoftMaxHeapSize                          = 2147483648                             {manageable} {ergonomic}
     bool UseCompressedOops                        = true                           {product lp64_product} {ergonomic}
     bool UseLargePagesIndividualAllocation        = false                                  {pd product} {ergonomic}
     bool UseParallelGC                            = true                                      {product} {command line}

Logging:
Log output configuration:
 #0: stdout all=off uptime,level,tags foldmultilines=false
 #1: stderr all=off uptime,level,tags foldmultilines=false

Environment Variables:
JAVA_HOME=C:\Program Files\Java\jdk-17
PATH=C:\Program Files\Java\jdk-17\bin;C:\oraclexe\app\oracle\product\11.2.0\server\bin;C:\Program Files\Common Files\Oracle\Java\javapath;C:\Program Files (x86)\Common Files\Oracle\Java\javapath;C:\WINDOWS\system32;C:\WINDOWS;C:\WINDOWS\System32\Wbem;C:\WINDOWS\System32\WindowsPowerShell\v1.0\;C:\WINDOWS\System32\OpenSSH\;D:\apache-maven-3.8.6;D:\apache-maven-3.8.6\bin;D:\apache-maven-3.8.6\bin;C:\Program Files\Git\cmd;C:\Users\HP\AppData\Roaming\npm;D:\wildfly-26.1.2.Final;C:\Program Files (x86)\Google\Cloud SDK\google-cloud-sdk\bin;C:\Users\HP\AppData\Roaming\nvm;C:\Program Files\nodejs;D:\XAMP\php;D:\ComposerSetup;C:\Program Files\nodejs;C:\Program Files\OpenSSL-Win64\bin;C:\Program Files\Git LFS;C:\Program Files\nodejs\;C:\Users\HP\AppData\Local\Programs\Python\Python312\;C:\Users\HP\AppData\Local\Programs\Python\Python312\Scripts\;C:\Program Files\Docker\Docker\resources\bin;C:\sigctlCoul;c:\Users\HP\AppData\Local\Programs\cursor\resources\app\bin;c:\Users\HP\AppData\Local\Programs\cursor\resources\app\bin;c:\Users\HP\AppData\Local\Programs\cursor\resources\app\bin;C:\Android\platform-tools;C:\Program Files\PuTTY\;D:\LOGICIEL\SDK\platform-tools;D:\LOGICIEL\SDK\emulator;D:\LOGICIEL\SDK\build-tools\34.0.0;C:\Users\HP\AppData\Local\Programs\Python\Python313\Scripts\;C:\Users\HP\AppData\Local\Programs\Python\Python313\;C:\Users\HP\AppData\Local\Programs\Python\Python312\Scripts\;C:\Users\HP\AppData\Local\Programs\Python\Python312\;C:\Users\HP\AppData\Local\Microsoft\WindowsApps;"C:\Program Files\Git\bin\git.exe;C:\Program Files\Git\cmd";C:\Program Files\Java\jre1.8.0_341\bin;C:\Users\HP\AppData\Local\Android\Sdk\platform-tools;C:\Users\HP\AppData\Roaming\nvm;C:\Program Files\nodejs;C:\Users\HP\AppData\Roaming\Composer\vendor\bin;C:\Program Files\JetBrains\PyCharm Community Edition 2022.3.1\bin;;C:\Program Files\JetBrains\IntelliJ IDEA 2025.2\bin;C:\Users\HP\AppData\Roaming\npm;C:\sigctlCoul;C:\Users\HP\AppData\Local\Programs\cursor\resources\app\bin
USERNAME=HP
OS=Windows_NT
PROCESSOR_IDENTIFIER=Intel64 Family 6 Model 140 Stepping 1, GenuineIntel
TMP=C:\Users\HP\AppData\Local\Temp
TEMP=C:\Users\HP\AppData\Local\Temp




Periodic native trim disabled

---------------  S Y S T E M  ---------------

OS:
 Windows 11 , 64 bit Build 22621 (10.0.22621.5415)
OS uptime: 0 days 2:47 hours
Hyper-V role detected

CPU: total 8 (initial active 8) (4 cores per cpu, 2 threads per core) family 6 model 140 stepping 1 microcode 0xbc, cx8, cmov, fxsr, ht, mmx, 3dnowpref, sse, sse2, sse3, ssse3, sse4.1, sse4.2, popcnt, lzcnt, tsc, tscinvbit, avx, avx2, aes, erms, clmul, bmi1, bmi2, adx, avx512f, avx512dq, avx512cd, avx512bw, avx512vl, sha, fma, vzeroupper, avx512_vpopcntdq, avx512_vpclmulqdq, avx512_vaes, avx512_vnni, clflush, clflushopt, clwb, avx512_vbmi2, avx512_vbmi, hv, rdtscp, rdpid, fsrm, gfni, avx512_bitalg, f16c, cet_ibt, cet_ss, avx512_ifma
Processor Information for the first 8 processors :
  Max Mhz: 2803, Current Mhz: 2803, Mhz Limit: 2803

Memory: 4k page, system-wide physical 16064M (617M free)
TotalPageFile size 31495M (AvailPageFile size 4M)
current process WorkingSet (physical memory assigned to process): 17M, peak: 17M
current process commit charge ("private bytes"): 183M, peak: 191M

vm_info: OpenJDK 64-Bit Server VM (21.0.8+9-LTS) for windows-amd64 JRE (21.0.8+9-LTS), built on 2025-07-15T00:00:00Z by "admin" with MS VC++ 17.7 (VS2022)

END.
